This file contains any messages produced by compilers while
running configure, to aid debugging if configure makes a mistake.

It was created by dkb-trace configure 2.14, which was
generated by GNU Autoconf 2.69.  Invocation command line was

  $ ./configure CC=/usr/local/i686-pc-linux-gnu/bin/i686-pc-linux-gnu-gcc CFLAGS=-I/usr/local/include LDFLAGS=-L/usr/local/lib --no-create --no-recursion

## --------- ##
## Platform. ##
## --------- ##

hostname = sadmin-desktop
uname -m = x86_64
uname -r = 4.4.0-59-generic
uname -s = Linux
uname -v = #80-Ubuntu SMP Fri Jan 6 17:47:47 UTC 2017

/usr/bin/uname -p = unknown
/bin/uname -X     = unknown

/bin/arch              = unknown
/usr/bin/arch -k       = unknown
/usr/convex/getsysinfo = unknown
/usr/bin/hostinfo      = unknown
/bin/machine           = unknown
/usr/bin/oslevel       = unknown
/bin/universe          = unknown

PATH: /usr/local/sbin
PATH: /usr/local/bin
PATH: /usr/sbin
PATH: /usr/bin
PATH: /sbin
PATH: /bin
PATH: /usr/games
PATH: /usr/local/games
PATH: /snap/bin


## ----------- ##
## Core tests. ##
## ----------- ##

configure:2086: checking for a BSD-compatible install
configure:2154: result: /usr/bin/install -c
configure:2165: checking whether build environment is sane
configure:2220: result: yes
configure:2371: checking for a thread-safe mkdir -p
configure:2410: result: /bin/mkdir -p
configure:2417: checking for gawk
configure:2447: result: no
configure:2417: checking for mawk
configure:2433: found /usr/bin/mawk
configure:2444: result: mawk
configure:2455: checking whether make sets $(MAKE)
configure:2477: result: yes
configure:2506: checking whether make supports nested variables
configure:2523: result: yes
configure:2697: checking for gcc
configure:2724: result: /usr/local/i686-pc-linux-gnu/bin/i686-pc-linux-gnu-gcc
configure:2953: checking for C compiler version
configure:2962: /usr/local/i686-pc-linux-gnu/bin/i686-pc-linux-gnu-gcc --version >&5
i686-pc-linux-gnu-gcc (crosstool-NG 1.20.0) 4.9.3 20150311 (prerelease)
Copyright (C) 2014 Free Software Foundation, Inc.
This is free software; see the source for copying conditions.  There is NO
warranty; not even for MERCHANTABILITY or FITNESS FOR A PARTICULAR PURPOSE.

configure:2973: $? = 0
configure:2962: /usr/local/i686-pc-linux-gnu/bin/i686-pc-linux-gnu-gcc -v >&5
Using built-in specs.
COLLECT_GCC=/usr/local/i686-pc-linux-gnu/bin/i686-pc-linux-gnu-gcc
COLLECT_LTO_WRAPPER=/usr/local/i686-pc-linux-gnu/libexec/gcc/i686-pc-linux-gnu/4.9.3/lto-wrapper
Target: i686-pc-linux-gnu
Configured with: /synonew/synosrc_cur/ds.base/source/toolchain-env-1.x/i686_gcc493_glibc220.out/.build/src/gcc-linaro-4.9-2015.03/configure --build=x86_64-build_unknown-linux-gnu --host=x86_64-build_unknown-linux-gnu --target=i686-pc-linux-gnu --prefix=/usr/local/i686-pc-linux-gnu --with-sysroot=/usr/local/i686-pc-linux-gnu/i686-pc-linux-gnu/sys-root --enable-languages=c,c++ --with-arch=i686 --with-pkgversion='crosstool-NG 1.20.0' --enable-__cxa_atexit --enable-libmudflap --enable-libgomp --enable-libssp --disable-libquadmath --disable-libquadmath-support --disable-libsanitizer --with-gmp=/synonew/synosrc_cur/ds.base/source/toolchain-env-1.x/i686_gcc493_glibc220.out/.build/i686-pc-linux-gnu/buildtools --with-mpfr=/synonew/synosrc_cur/ds.base/source/toolchain-env-1.x/i686_gcc493_glibc220.out/.build/i686-pc-linux-gnu/buildtools --with-mpc=/synonew/synosrc_cur/ds.base/source/toolchain-env-1.x/i686_gcc493_glibc220.out/.build/i686-pc-linux-gnu/buildtools --with-isl=/synonew/synosrc_cur/ds.base/source/toolchain-env-1.x/i686_gcc493_glibc220.out/.build/i686-pc-linux-gnu/buildtools --with-cloog=/synonew/synosrc_cur/ds.base/source/toolchain-env-1.x/i686_gcc493_glibc220.out/.build/i686-pc-linux-gnu/buildtools --with-libelf=/synonew/synosrc_cur/ds.base/source/toolchain-env-1.x/i686_gcc493_glibc220.out/.build/i686-pc-linux-gnu/buildtools --with-host-libstdcxx='-static-libgcc -Wl,-Bstatic,-lstdc++,-Bdynamic -lm' --enable-threads=posix --enable-target-optspace --with-system-zlib --disable-multilib --with-local-prefix=/usr/local/i686-pc-linux-gnu/i686-pc-linux-gnu/sys-root --enable-c99 --enable-long-long
Thread model: posix
gcc version 4.9.3 20150311 (prerelease) (crosstool-NG 1.20.0) 
configure:2973: $? = 0
configure:2962: /usr/local/i686-pc-linux-gnu/bin/i686-pc-linux-gnu-gcc -V >&5
i686-pc-linux-gnu-gcc: error: unrecognized command line option '-V'
i686-pc-linux-gnu-gcc: fatal error: no input files
compilation terminated.
configure:2973: $? = 1
configure:2962: /usr/local/i686-pc-linux-gnu/bin/i686-pc-linux-gnu-gcc -qversion >&5
i686-pc-linux-gnu-gcc: error: unrecognized command line option '-qversion'
i686-pc-linux-gnu-gcc: fatal error: no input files
compilation terminated.
configure:2973: $? = 1
configure:2993: checking whether the C compiler works
configure:3015: /usr/local/i686-pc-linux-gnu/bin/i686-pc-linux-gnu-gcc -I/usr/local/include  -L/usr/local/lib conftest.c  >&5
configure:3019: $? = 0
configure:3067: result: yes
configure:3070: checking for C compiler default output file name
configure:3072: result: a.out
configure:3078: checking for suffix of executables
configure:3085: /usr/local/i686-pc-linux-gnu/bin/i686-pc-linux-gnu-gcc -o conftest -I/usr/local/include  -L/usr/local/lib conftest.c  >&5
configure:3089: $? = 0
configure:3111: result: 
configure:3133: checking whether we are cross compiling
configure:3141: /usr/local/i686-pc-linux-gnu/bin/i686-pc-linux-gnu-gcc -o conftest -I/usr/local/include  -L/usr/local/lib conftest.c  >&5
configure:3145: $? = 0
configure:3152: ./conftest
configure:3156: $? = 0
configure:3171: result: no
configure:3176: checking for suffix of object files
configure:3198: /usr/local/i686-pc-linux-gnu/bin/i686-pc-linux-gnu-gcc -c -I/usr/local/include  conftest.c >&5
configure:3202: $? = 0
configure:3223: result: o
configure:3227: checking whether we are using the GNU C compiler
configure:3246: /usr/local/i686-pc-linux-gnu/bin/i686-pc-linux-gnu-gcc -c -I/usr/local/include  conftest.c >&5
configure:3246: $? = 0
configure:3255: result: yes
configure:3264: checking whether /usr/local/i686-pc-linux-gnu/bin/i686-pc-linux-gnu-gcc accepts -g
configure:3284: /usr/local/i686-pc-linux-gnu/bin/i686-pc-linux-gnu-gcc -c -g  conftest.c >&5
configure:3284: $? = 0
configure:3325: result: yes
configure:3342: checking for /usr/local/i686-pc-linux-gnu/bin/i686-pc-linux-gnu-gcc option to accept ISO C89
configure:3405: /usr/local/i686-pc-linux-gnu/bin/i686-pc-linux-gnu-gcc  -c -I/usr/local/include  conftest.c >&5
configure:3405: $? = 0
configure:3418: result: none needed
configure:3443: checking whether /usr/local/i686-pc-linux-gnu/bin/i686-pc-linux-gnu-gcc understands -c and -o together
configure:3465: /usr/local/i686-pc-linux-gnu/bin/i686-pc-linux-gnu-gcc -c conftest.c -o conftest2.o
configure:3468: $? = 0
configure:3465: /usr/local/i686-pc-linux-gnu/bin/i686-pc-linux-gnu-gcc -c conftest.c -o conftest2.o
configure:3468: $? = 0
configure:3480: result: yes
configure:3508: checking for style of include used by make
configure:3536: result: GNU
configure:3562: checking dependency style of /usr/local/i686-pc-linux-gnu/bin/i686-pc-linux-gnu-gcc
configure:3673: result: gcc3
configure:3694: checking how to run the C preprocessor
configure:3725: /usr/local/i686-pc-linux-gnu/bin/i686-pc-linux-gnu-gcc -E  conftest.c
configure:3725: $? = 0
configure:3739: /usr/local/i686-pc-linux-gnu/bin/i686-pc-linux-gnu-gcc -E  conftest.c
conftest.c:11:28: fatal error: ac_nonexistent.h: No such file or directory
 #include <ac_nonexistent.h>
                            ^
compilation terminated.
configure:3739: $? = 1
configure: failed program was:
| /* confdefs.h */
| #define PACKAGE_NAME "dkb-trace"
| #define PACKAGE_TARNAME "dkb-trace"
| #define PACKAGE_VERSION "2.14"
| #define PACKAGE_STRING "dkb-trace 2.14"
| #define PACKAGE_BUGREPORT "nicolas@digitalbox.com"
| #define PACKAGE_URL ""
| #define PACKAGE "dkb-trace"
| #define VERSION "2.14"
| /* end confdefs.h.  */
| #include <ac_nonexistent.h>
configure:3764: result: /usr/local/i686-pc-linux-gnu/bin/i686-pc-linux-gnu-gcc -E
configure:3784: /usr/local/i686-pc-linux-gnu/bin/i686-pc-linux-gnu-gcc -E  conftest.c
configure:3784: $? = 0
configure:3798: /usr/local/i686-pc-linux-gnu/bin/i686-pc-linux-gnu-gcc -E  conftest.c
conftest.c:11:28: fatal error: ac_nonexistent.h: No such file or directory
 #include <ac_nonexistent.h>
                            ^
compilation terminated.
configure:3798: $? = 1
configure: failed program was:
| /* confdefs.h */
| #define PACKAGE_NAME "dkb-trace"
| #define PACKAGE_TARNAME "dkb-trace"
| #define PACKAGE_VERSION "2.14"
| #define PACKAGE_STRING "dkb-trace 2.14"
| #define PACKAGE_BUGREPORT "nicolas@digitalbox.com"
| #define PACKAGE_URL ""
| #define PACKAGE "dkb-trace"
| #define VERSION "2.14"
| /* end confdefs.h.  */
| #include <ac_nonexistent.h>
configure:3827: checking for grep that handles long lines and -e
configure:3885: result: /bin/grep
configure:3890: checking for egrep
configure:3952: result: /bin/grep -E
configure:3957: checking for ANSI C header files
configure:3977: /usr/local/i686-pc-linux-gnu/bin/i686-pc-linux-gnu-gcc -c -I/usr/local/include  conftest.c >&5
configure:3977: $? = 0
configure:4050: /usr/local/i686-pc-linux-gnu/bin/i686-pc-linux-gnu-gcc -o conftest -I/usr/local/include  -L/usr/local/lib conftest.c  >&5
configure:4050: $? = 0
configure:4050: ./conftest
configure:4050: $? = 0
configure:4061: result: yes
configure:4074: checking for sys/types.h
configure:4074: /usr/local/i686-pc-linux-gnu/bin/i686-pc-linux-gnu-gcc -c -I/usr/local/include  conftest.c >&5
configure:4074: $? = 0
configure:4074: result: yes
configure:4074: checking for sys/stat.h
configure:4074: /usr/local/i686-pc-linux-gnu/bin/i686-pc-linux-gnu-gcc -c -I/usr/local/include  conftest.c >&5
configure:4074: $? = 0
configure:4074: result: yes
configure:4074: checking for stdlib.h
configure:4074: /usr/local/i686-pc-linux-gnu/bin/i686-pc-linux-gnu-gcc -c -I/usr/local/include  conftest.c >&5
configure:4074: $? = 0
configure:4074: result: yes
configure:4074: checking for string.h
configure:4074: /usr/local/i686-pc-linux-gnu/bin/i686-pc-linux-gnu-gcc -c -I/usr/local/include  conftest.c >&5
configure:4074: $? = 0
configure:4074: result: yes
configure:4074: checking for memory.h
configure:4074: /usr/local/i686-pc-linux-gnu/bin/i686-pc-linux-gnu-gcc -c -I/usr/local/include  conftest.c >&5
configure:4074: $? = 0
configure:4074: result: yes
configure:4074: checking for strings.h
configure:4074: /usr/local/i686-pc-linux-gnu/bin/i686-pc-linux-gnu-gcc -c -I/usr/local/include  conftest.c >&5
configure:4074: $? = 0
configure:4074: result: yes
configure:4074: checking for inttypes.h
configure:4074: /usr/local/i686-pc-linux-gnu/bin/i686-pc-linux-gnu-gcc -c -I/usr/local/include  conftest.c >&5
configure:4074: $? = 0
configure:4074: result: yes
configure:4074: checking for stdint.h
configure:4074: /usr/local/i686-pc-linux-gnu/bin/i686-pc-linux-gnu-gcc -c -I/usr/local/include  conftest.c >&5
configure:4074: $? = 0
configure:4074: result: yes
configure:4074: checking for unistd.h
configure:4074: /usr/local/i686-pc-linux-gnu/bin/i686-pc-linux-gnu-gcc -c -I/usr/local/include  conftest.c >&5
configure:4074: $? = 0
configure:4074: result: yes
configure:4088: checking math.h usability
configure:4088: /usr/local/i686-pc-linux-gnu/bin/i686-pc-linux-gnu-gcc -c -I/usr/local/include  conftest.c >&5
configure:4088: $? = 0
configure:4088: result: yes
configure:4088: checking math.h presence
configure:4088: /usr/local/i686-pc-linux-gnu/bin/i686-pc-linux-gnu-gcc -E  conftest.c
configure:4088: $? = 0
configure:4088: result: yes
configure:4088: checking for math.h
configure:4088: result: yes
configure:4245: checking that generated files are newer than configure
configure:4251: result: done
configure:4274: creating ./config.status

## ---------------- ##
## Cache variables. ##
## ---------------- ##

ac_cv_c_compiler_gnu=yes
ac_cv_env_CC_set=set
ac_cv_env_CC_value=/usr/local/i686-pc-linux-gnu/bin/i686-pc-linux-gnu-gcc
ac_cv_env_CFLAGS_set=set
ac_cv_env_CFLAGS_value=-I/usr/local/include
ac_cv_env_CPPFLAGS_set=
ac_cv_env_CPPFLAGS_value=
ac_cv_env_CPP_set=
ac_cv_env_CPP_value=
ac_cv_env_LDFLAGS_set=set
ac_cv_env_LDFLAGS_value=-L/usr/local/lib
ac_cv_env_LIBS_set=
ac_cv_env_LIBS_value=
ac_cv_env_build_alias_set=
ac_cv_env_build_alias_value=
ac_cv_env_host_alias_set=
ac_cv_env_host_alias_value=
ac_cv_env_target_alias_set=
ac_cv_env_target_alias_value=
ac_cv_header_inttypes_h=yes
ac_cv_header_math_h=yes
ac_cv_header_memory_h=yes
ac_cv_header_stdc=yes
ac_cv_header_stdint_h=yes
ac_cv_header_stdlib_h=yes
ac_cv_header_string_h=yes
ac_cv_header_strings_h=yes
ac_cv_header_sys_stat_h=yes
ac_cv_header_sys_types_h=yes
ac_cv_header_unistd_h=yes
ac_cv_objext=o
ac_cv_path_EGREP='/bin/grep -E'
ac_cv_path_GREP=/bin/grep
ac_cv_path_install='/usr/bin/install -c'
ac_cv_path_mkdir=/bin/mkdir
ac_cv_prog_AWK=mawk
ac_cv_prog_CPP='/usr/local/i686-pc-linux-gnu/bin/i686-pc-linux-gnu-gcc -E'
ac_cv_prog_ac_ct_CC=/usr/local/i686-pc-linux-gnu/bin/i686-pc-linux-gnu-gcc
ac_cv_prog_cc_c89=
ac_cv_prog_cc_g=yes
ac_cv_prog_make_make_set=yes
am_cv_CC_dependencies_compiler_type=gcc3
am_cv_make_support_nested_variables=yes
am_cv_prog_cc_c_o=yes

## ----------------- ##
## Output variables. ##
## ----------------- ##

ACLOCAL='${SHELL} /home/sadmin/Documents/tmp/dkb-trace-2.14/missing aclocal-1.15'
AMDEPBACKSLASH='\'
AMDEP_FALSE='#'
AMDEP_TRUE=''
AMTAR='$${TAR-tar}'
AM_BACKSLASH='\'
AM_DEFAULT_V='$(AM_DEFAULT_VERBOSITY)'
AM_DEFAULT_VERBOSITY='1'
AM_V='$(V)'
AUTOCONF='${SHELL} /home/sadmin/Documents/tmp/dkb-trace-2.14/missing autoconf'
AUTOHEADER='${SHELL} /home/sadmin/Documents/tmp/dkb-trace-2.14/missing autoheader'
AUTOMAKE='${SHELL} /home/sadmin/Documents/tmp/dkb-trace-2.14/missing automake-1.15'
AWK='mawk'
CC='/usr/local/i686-pc-linux-gnu/bin/i686-pc-linux-gnu-gcc'
CCDEPMODE='depmode=gcc3'
CFLAGS='-I/usr/local/include'
CPP='/usr/local/i686-pc-linux-gnu/bin/i686-pc-linux-gnu-gcc -E'
CPPFLAGS=''
CYGPATH_W='echo'
DEFS='-DPACKAGE_NAME=\"dkb-trace\" -DPACKAGE_TARNAME=\"dkb-trace\" -DPACKAGE_VERSION=\"2.14\" -DPACKAGE_STRING=\"dkb-trace\ 2.14\" -DPACKAGE_BUGREPORT=\"nicolas@digitalbox.com\" -DPACKAGE_URL=\"\" -DPACKAGE=\"dkb-trace\" -DVERSION=\"2.14\" -DSTDC_HEADERS=1 -DHAVE_SYS_TYPES_H=1 -DHAVE_SYS_STAT_H=1 -DHAVE_STDLIB_H=1 -DHAVE_STRING_H=1 -DHAVE_MEMORY_H=1 -DHAVE_STRINGS_H=1 -DHAVE_INTTYPES_H=1 -DHAVE_STDINT_H=1 -DHAVE_UNISTD_H=1 -DHAVE_MATH_H=1'
DEPDIR='.deps'
ECHO_C=''
ECHO_N='-n'
ECHO_T=''
EGREP='/bin/grep -E'
EXEEXT=''
GREP='/bin/grep'
INSTALL_DATA='${INSTALL} -m 644'
INSTALL_PROGRAM='${INSTALL}'
INSTALL_SCRIPT='${INSTALL}'
INSTALL_STRIP_PROGRAM='$(install_sh) -c -s'
LDFLAGS='-L/usr/local/lib'
LIBOBJS=''
LIBS=''
LTLIBOBJS=''
MAKEINFO='${SHELL} /home/sadmin/Documents/tmp/dkb-trace-2.14/missing makeinfo'
MKDIR_P='/bin/mkdir -p'
OBJEXT='o'
PACKAGE='dkb-trace'
PACKAGE_BUGREPORT='nicolas@digitalbox.com'
PACKAGE_NAME='dkb-trace'
PACKAGE_STRING='dkb-trace 2.14'
PACKAGE_TARNAME='dkb-trace'
PACKAGE_URL=''
PACKAGE_VERSION='2.14'
PATH_SEPARATOR=':'
SET_MAKE=''
SHELL='/bin/bash'
STRIP=''
VERSION='2.14'
ac_ct_CC='/usr/local/i686-pc-linux-gnu/bin/i686-pc-linux-gnu-gcc'
am__EXEEXT_FALSE=''
am__EXEEXT_TRUE='#'
am__fastdepCC_FALSE='#'
am__fastdepCC_TRUE=''
am__include='include'
am__isrc=''
am__leading_dot='.'
am__nodep='_no'
am__quote=''
am__tar='$${TAR-tar} chof - "$$tardir"'
am__untar='$${TAR-tar} xf -'
bindir='${exec_prefix}/bin'
build_alias=''
datadir='${datarootdir}'
datarootdir='${prefix}/share'
docdir='${datarootdir}/doc/${PACKAGE_TARNAME}'
dvidir='${docdir}'
exec_prefix='${prefix}'
host_alias=''
htmldir='${docdir}'
includedir='${prefix}/include'
infodir='${datarootdir}/info'
install_sh='${SHELL} /home/sadmin/Documents/tmp/dkb-trace-2.14/install-sh'
libdir='${exec_prefix}/lib'
libexecdir='${exec_prefix}/libexec'
localedir='${datarootdir}/locale'
localstatedir='${prefix}/var'
mandir='${datarootdir}/man'
mkdir_p='$(MKDIR_P)'
oldincludedir='/usr/include'
pdfdir='${docdir}'
prefix='/usr/local'
program_transform_name='s,x,x,'
psdir='${docdir}'
runstatedir='${localstatedir}/run'
sbindir='${exec_prefix}/sbin'
sharedstatedir='${prefix}/com'
sysconfdir='${prefix}/etc'
target_alias=''

## ----------- ##
## confdefs.h. ##
## ----------- ##

/* confdefs.h */
#define PACKAGE_NAME "dkb-trace"
#define PACKAGE_TARNAME "dkb-trace"
#define PACKAGE_VERSION "2.14"
#define PACKAGE_STRING "dkb-trace 2.14"
#define PACKAGE_BUGREPORT "nicolas@digitalbox.com"
#define PACKAGE_URL ""
#define PACKAGE "dkb-trace"
#define VERSION "2.14"
#define STDC_HEADERS 1
#define HAVE_SYS_TYPES_H 1
#define HAVE_SYS_STAT_H 1
#define HAVE_STDLIB_H 1
#define HAVE_STRING_H 1
#define HAVE_MEMORY_H 1
#define HAVE_STRINGS_H 1
#define HAVE_INTTYPES_H 1
#define HAVE_STDINT_H 1
#define HAVE_UNISTD_H 1
#define HAVE_MATH_H 1

configure: exit 0

## ---------------------- ##
## Running config.status. ##
## ---------------------- ##

This file was extended by dkb-trace config.status 2.14, which was
generated by GNU Autoconf 2.69.  Invocation command line was

  CONFIG_FILES    = 
  CONFIG_HEADERS  = 
  CONFIG_LINKS    = 
  CONFIG_COMMANDS = 
  $ ./config.status 

on sadmin-desktop

config.status:777: creating Makefile
config.status:949: executing depfiles commands

## ---------------------- ##
## Running config.status. ##
## ---------------------- ##

This file was extended by dkb-trace config.status 2.14, which was
generated by GNU Autoconf 2.69.  Invocation command line was

  CONFIG_FILES    = 
  CONFIG_HEADERS  = 
  CONFIG_LINKS    = 
  CONFIG_COMMANDS = 
  $ ./config.status Makefile

on sadmin-desktop

config.status:777: creating Makefile

## ---------------------- ##
## Running config.status. ##
## ---------------------- ##

This file was extended by dkb-trace config.status 2.14, which was
generated by GNU Autoconf 2.69.  Invocation command line was

  CONFIG_FILES    = 
  CONFIG_HEADERS  = 
  CONFIG_LINKS    = 
  CONFIG_COMMANDS = 
  $ ./config.status Makefile

on sadmin-desktop

config.status:777: creating Makefile

## ---------------------- ##
## Running config.status. ##
## ---------------------- ##

This file was extended by dkb-trace config.status 2.14, which was
generated by GNU Autoconf 2.69.  Invocation command line was

  CONFIG_FILES    = 
  CONFIG_HEADERS  = 
  CONFIG_LINKS    = 
  CONFIG_COMMANDS = 
  $ ./config.status Makefile

on sadmin-desktop

config.status:777: creating Makefile

## ---------------------- ##
## Running config.status. ##
## ---------------------- ##

This file was extended by dkb-trace config.status 2.14, which was
generated by GNU Autoconf 2.69.  Invocation command line was

  CONFIG_FILES    = 
  CONFIG_HEADERS  = 
  CONFIG_LINKS    = 
  CONFIG_COMMANDS = 
  $ ./config.status dat/Makefile

on sadmin-desktop

config.status:535: error: invalid argument: `dat/Makefile'

## ---------------------- ##
## Running config.status. ##
## ---------------------- ##

This file was extended by dkb-trace config.status 2.14, which was
generated by GNU Autoconf 2.69.  Invocation command line was

  CONFIG_FILES    = 
  CONFIG_HEADERS  = 
  CONFIG_LINKS    = 
  CONFIG_COMMANDS = 
  $ ./config.status dat/Makefile

on sadmin-desktop

config.status:535: error: invalid argument: `dat/Makefile'

## ---------------------- ##
## Running config.status. ##
## ---------------------- ##

This file was extended by dkb-trace config.status 2.14, which was
generated by GNU Autoconf 2.69.  Invocation command line was

  CONFIG_FILES    = 
  CONFIG_HEADERS  = 
  CONFIG_LINKS    = 
  CONFIG_COMMANDS = 
  $ ./config.status dat/Makefile

on sadmin-desktop

config.status:535: error: invalid argument: `dat/Makefile'

## ---------------------- ##
## Running config.status. ##
## ---------------------- ##

This file was extended by dkb-trace config.status 2.14, which was
generated by GNU Autoconf 2.69.  Invocation command line was

  CONFIG_FILES    = 
  CONFIG_HEADERS  = 
  CONFIG_LINKS    = 
  CONFIG_COMMANDS = 
  $ ./config.status dat/Makefile

on sadmin-desktop

config.status:535: error: invalid argument: `dat/Makefile'

## ---------------------- ##
## Running config.status. ##
## ---------------------- ##

This file was extended by dkb-trace config.status 2.14, which was
generated by GNU Autoconf 2.69.  Invocation command line was

  CONFIG_FILES    = 
  CONFIG_HEADERS  = 
  CONFIG_LINKS    = 
  CONFIG_COMMANDS = 
  $ ./config.status dat/Makefile

on sadmin-desktop

config.status:535: error: invalid argument: `dat/Makefile'

## ---------------------- ##
## Running config.status. ##
## ---------------------- ##

This file was extended by dkb-trace config.status 2.14, which was
generated by GNU Autoconf 2.69.  Invocation command line was

  CONFIG_FILES    = 
  CONFIG_HEADERS  = 
  CONFIG_LINKS    = 
  CONFIG_COMMANDS = 
  $ ./config.status dat/Makefile

on sadmin-desktop

config.status:535: error: invalid argument: `dat/Makefile'

## ---------------------- ##
## Running config.status. ##
## ---------------------- ##

This file was extended by dkb-trace config.status 2.14, which was
generated by GNU Autoconf 2.69.  Invocation command line was

  CONFIG_FILES    = 
  CONFIG_HEADERS  = 
  CONFIG_LINKS    = 
  CONFIG_COMMANDS = 
  $ ./config.status dat/Makefile

on sadmin-desktop

config.status:535: error: invalid argument: `dat/Makefile'

## ---------------------- ##
## Running config.status. ##
## ---------------------- ##

This file was extended by dkb-trace config.status 2.14, which was
generated by GNU Autoconf 2.69.  Invocation command line was

  CONFIG_FILES    = 
  CONFIG_HEADERS  = 
  CONFIG_LINKS    = 
  CONFIG_COMMANDS = 
  $ ./config.status dat/Makefile

on sadmin-desktop

config.status:535: error: invalid argument: `dat/Makefile'

## ---------------------- ##
## Running config.status. ##
## ---------------------- ##

This file was extended by dkb-trace config.status 2.14, which was
generated by GNU Autoconf 2.69.  Invocation command line was

  CONFIG_FILES    = 
  CONFIG_HEADERS  = 
  CONFIG_LINKS    = 
  CONFIG_COMMANDS = 
  $ ./config.status dat/Makefile

on sadmin-desktop

config.status:535: error: invalid argument: `dat/Makefile'

## ---------------------- ##
## Running config.status. ##
## ---------------------- ##

This file was extended by dkb-trace config.status 2.14, which was
generated by GNU Autoconf 2.69.  Invocation command line was

  CONFIG_FILES    = 
  CONFIG_HEADERS  = 
  CONFIG_LINKS    = 
  CONFIG_COMMANDS = 
  $ ./config.status dat/Makefile

on sadmin-desktop

config.status:535: error: invalid argument: `dat/Makefile'

## ---------------------- ##
## Running config.status. ##
## ---------------------- ##

This file was extended by dkb-trace config.status 2.14, which was
generated by GNU Autoconf 2.69.  Invocation command line was

  CONFIG_FILES    = 
  CONFIG_HEADERS  = 
  CONFIG_LINKS    = 
  CONFIG_COMMANDS = 
  $ ./config.status dat/Makefile

on sadmin-desktop

config.status:535: error: invalid argument: `dat/Makefile'

## ---------------------- ##
## Running config.status. ##
## ---------------------- ##

This file was extended by dkb-trace config.status 2.14, which was
generated by GNU Autoconf 2.69.  Invocation command line was

  CONFIG_FILES    = 
  CONFIG_HEADERS  = 
  CONFIG_LINKS    = 
  CONFIG_COMMANDS = 
  $ ./config.status dat/Makefile

on sadmin-desktop

config.status:535: error: invalid argument: `dat/Makefile'
